[2021.08.03-04.46.29:563][  0]Log file open, 08/03/21 12:46:29
[2021.08.03-04.46.29:563][  0]LogMemory: Platform Memory Stats for WindowsNoEditor
[2021.08.03-04.46.29:563][  0]LogMemory: Process Physical Memory: 103.30 MB used, 103.31 MB peak
[2021.08.03-04.46.29:563][  0]LogMemory: Process Virtual Memory: 97.55 MB used, 97.55 MB peak
[2021.08.03-04.46.29:563][  0]LogMemory: Physical Memory: 20794.03 MB used,  28285.96 MB free, 49079.99 MB total
[2021.08.03-04.46.29:563][  0]LogMemory: Virtual Memory: 4526.27 MB used,  28285.96 MB free, 134217728.00 MB total
[2021.08.03-04.46.33:195][  0]LogRF: BuildID: t6-#384-win64-steam@0747940 Version: v.14
[2021.08.03-04.46.36:064][  0]LogEngine: Error: Failed to load '/Script/NavigationSystem.NavigationSystemV1', falling back to 'NavigationSystemBase'
[2021.08.03-04.47.08:376][  0]LogRF: BeginPlay map=/Game/Maps/MainMenu/MainMenuMap?Name=Player, saveGame=, netmode=0
[2021.08.03-04.47.10:263][  3]LogRF: Loading a save done on build: t6-#384-win64-steam@0747940
[2021.08.03-04.47.10:338][  5]LogRF: ActivateMod: BP_ModPatch12
[2021.08.03-04.47.10:338][  5]LogRF: ActivateMod: BP_ModPatch13
[2021.08.03-04.47.10:338][  5]LogRF: ActivateMod: BP_ModPatch14
[2021.08.03-04.47.10:338][  5]LogRF: ActivateMod: BP_ModSandboxMap_Patch11
[2021.08.03-04.48.14:954][886]LogRF: Loading a save done on build: t6-#384-win64-steam@0747940
[2021.08.03-04.48.15:061][886]LogRF: BeginPlay map=/Game/Maps/Episodes/Episode_01/ep_Penultimoofthecaribbean, saveGame=Trop6_Sav_加勒比海的佩努提莫 8年 , netmode=0
[2021.08.03-04.48.16:276][887]LogRF: Savegame history: 
[2021.08.03-04.48.49:180][371]LogRF: Loading a save done on build: t6-#384-win64-steam@0747940
[2021.08.03-04.48.49:491][371]LogRF: BeginPlay map=/Game/Maps/Episodes/Episode_08/EP_BetterRedThanDead, saveGame=Trop6_Sav_革命救国 1963, 三月, netmode=0
[2021.08.03-04.48.51:406][372]LogRF: Savegame history: 
[2021.08.03-05.41.23:551][718]Log file closed, 08/03/21 13:41:23
