[2021.08.05-14.22.22:038][  0]Log file open, 08/05/21 22:22:22
[2021.08.05-14.22.22:038][  0]LogMemory: Platform Memory Stats for WindowsNoEditor
[2021.08.05-14.22.22:038][  0]LogMemory: Process Physical Memory: 101.68 MB used, 101.68 MB peak
[2021.08.05-14.22.22:038][  0]LogMemory: Process Virtual Memory: 102.95 MB used, 102.95 MB peak
[2021.08.05-14.22.22:038][  0]LogMemory: Physical Memory: 6003.81 MB used,  10328.65 MB free, 16332.46 MB total
[2021.08.05-14.22.22:038][  0]LogMemory: Virtual Memory: 456.32 MB used,  10328.65 MB free, 134217728.00 MB total
[2021.08.05-14.22.24:282][  0]LogRF: BuildID: t6-#384-win64-steam@0747940 Version: v.14
[2021.08.05-14.22.24:467][  0]LogEngine: Error: Failed to load '/Script/NavigationSystem.NavigationSystemV1', falling back to 'NavigationSystemBase'
[2021.08.05-14.22.35:404][  0]LogRF: BeginPlay map=/Game/Maps/MainMenu/MainMenuMap?Name=Player, saveGame=, netmode=0
[2021.08.05-14.22.36:418][  7]LogRF: Loading a save done on build: t6-#384-win64-steam@0747940
[2021.08.05-14.22.36:477][  9]LogRF: ActivateMod: BP_ModPatch12
[2021.08.05-14.22.36:477][  9]LogRF: ActivateMod: BP_ModPatch13
[2021.08.05-14.22.36:477][  9]LogRF: ActivateMod: BP_ModPatch14
[2021.08.05-14.22.36:477][  9]LogRF: ActivateMod: BP_ModSandboxMap_Patch11
[2021.08.05-14.23.05:912][369]LogRF: Loading a save done on build: t6-#384-win64-steam@0747940
[2021.08.05-14.23.06:109][369]LogRF: BeginPlay map=/Game/Maps/Episodes/Episode_06/EP_ChocolateFactory, saveGame=Trop6_Sav_巧克力工厂 1965, 六月, netmode=0
[2021.08.05-14.23.07:356][370]LogRF: Savegame history: 
[2021.08.05-15.13.06:981][109]LogRF: Skip autosave
[2021.08.05-15.18.06:978][100]LogRF: Skip autosave
[2021.08.05-15.48.41:687][ 13]LogRF: Cheat by BP_T6PlayerController_C_0: exit
[2021.08.05-15.48.41:687][ 13]Closing by request
[2021.08.05-15.48.43:933][ 14]Log file closed, 08/05/21 23:48:43
