[2021.07.31-09.41.18:721][  0]Log file open, 07/31/21 17:41:18
[2021.07.31-09.41.18:721][  0]LogMemory: Platform Memory Stats for WindowsNoEditor
[2021.07.31-09.41.18:721][  0]LogMemory: Process Physical Memory: 101.73 MB used, 101.73 MB peak
[2021.07.31-09.41.18:721][  0]LogMemory: Process Virtual Memory: 102.78 MB used, 102.78 MB peak
[2021.07.31-09.41.18:721][  0]LogMemory: Physical Memory: 4802.76 MB used,  11529.70 MB free, 16332.46 MB total
[2021.07.31-09.41.18:721][  0]LogMemory: Virtual Memory: 456.25 MB used,  11529.70 MB free, 134217728.00 MB total
[2021.07.31-09.41.20:774][  0]LogRF: BuildID: t6-#384-win64-steam@0747940 Version: v.14
[2021.07.31-09.41.20:980][  0]LogEngine: Error: Failed to load '/Script/NavigationSystem.NavigationSystemV1', falling back to 'NavigationSystemBase'
[2021.07.31-09.41.39:872][  0]LogRF: BeginPlay map=/Game/Maps/MainMenu/MainMenuMap?Name=Player, saveGame=, netmode=0
[2021.07.31-09.41.40:968][  5]LogRF: ActivateMod: BP_ModPatch12
[2021.07.31-09.41.40:968][  5]LogRF: ActivateMod: BP_ModPatch13
[2021.07.31-09.41.40:968][  5]LogRF: ActivateMod: BP_ModPatch14
[2021.07.31-09.41.40:968][  5]LogRF: ActivateMod: BP_ModSandboxMap_Patch11
[2021.07.31-09.45.20:022][705]LogRF: BeginPlay map=/Game/Maps/MainMenu/CustomizationMap?Name=Player, saveGame=, netmode=0
[2021.07.31-09.46.37:690][ 20]LogRF: BeginPlay map=/Game/Maps/MainMenu/MainMenuMap?closed, saveGame=, netmode=0
[2021.07.31-09.47.01:896][ 26]LogRF: BeginPlay map=/Game/Maps/Episodes/Episode_01/ep_Penultimoofthecaribbean, saveGame=, netmode=0
[2021.07.31-10.52.02:104][771]LogRF: Skip autosave
[2021.07.31-10.57.02:103][763]LogRF: Skip autosave
[2021.07.31-11.02.02:089][754]LogRF: Skip autosave
[2021.07.31-11.07.02:092][746]LogRF: Skip autosave
[2021.07.31-11.12.02:099][738]LogRF: Skip autosave
[2021.07.31-11.17.02:094][729]LogRF: Skip autosave
[2021.07.31-11.22.02:097][721]LogRF: Skip autosave
[2021.07.31-11.27.02:102][713]LogRF: Skip autosave
[2021.07.31-12.43.21:341][948]LogRF: BeginPlay map=/Game/Maps/Episodes/Episode_01/ep_Penultimoofthecaribbean, saveGame=, netmode=0
[2021.07.31-15.14.19:562][321]PIE: Warning: AttachTo: '/Game/Maps/Episodes/Episode_01/ep_Penultimoofthecaribbean.EP_PenultimoOfTheCaribbean:PersistentLevel.BP_T6Dock_C_0.RootComponent' is not static , cannot attach '/Game/Maps/Episodes/Episode_01/ep_Penultimoofthecaribbean.EP_PenultimoOfTheCaribbean:PersistentLevel.BP_T6Dock_C_0.Crane' which is static to it. Aborting.
[2021.07.31-15.14.19:591][321]PIE: Warning: AttachTo: '/Game/Maps/Episodes/Episode_01/ep_Penultimoofthecaribbean.EP_PenultimoOfTheCaribbean:PersistentLevel.BP_T6Dock2_3166.RootComponent' is not static , cannot attach '/Game/Maps/Episodes/Episode_01/ep_Penultimoofthecaribbean.EP_PenultimoOfTheCaribbean:PersistentLevel.BP_T6Dock2_3166.Crane' which is static to it. Aborting.
[2021.07.31-15.18.18:730][393]LogRF: BeginPlay map=/Game/Maps/MainMenu/MainMenuMap?closed, saveGame=, netmode=0
[2021.07.31-15.18.38:183][315]LogRF: BeginPlay map=/Game/Maps/Episodes/Episode_04/ep_Speakeasy, saveGame=, netmode=0
